<?xml version="1.0" encoding="UTF-8"?>
<!-- Generated by org.testng.reporters.JUnitReportReporter -->
<testsuite skipped="0" hostname="MacBook-Pro-of-Yogesh.local" name="com.qa.hubspot.tests.LoginPageTest" tests="1" failures="0" timestamp="21 Sep 2021 09:26:12 GMT" time="10.592" errors="0">
  <testcase name="loginPageTitle" time="10.592" classname="com.qa.hubspot.tests.LoginPageTest"/>
</testsuite> <!-- com.qa.hubspot.tests.LoginPageTest -->
