<?xml version="1.0" encoding="UTF-8"?>
<!-- Generated by org.testng.reporters.JUnitReportReporter -->
<testsuite skipped="0" hostname="MacBook-Pro-of-Yogesh.local" name="com.qa.hubspot.tests.DealsPageTest" tests="1" failures="0" timestamp="25 Sep 2021 10:56:36 GMT" time="0.007" errors="0">
  <testcase name="titlTest" time="0.007" classname="com.qa.hubspot.tests.DealsPageTest"/>
</testsuite> <!-- com.qa.hubspot.tests.DealsPageTest -->
